[Sat Aug 23 12:31:58 UTC 2025]Running pw_worker -i /home/wspitts2/gf180MCU_synopsys_shared/dk_ncsu/gf180mcu_cc_0.1/synopsys_custom/pwdp_jobs/saeSession0_default.SimulationSimulation_cdpl.1.2864813 -t 10000
/mnt/apps/public/COE/synopsys_apps/primewave/W-2024.09-SP1-2/bin/custom_shell

PWDP2: start1: [08-23-2025 08:32:00] \ 
 -- args: /home/wspitts2/gf180MCU_synopsys_shared/dk_ncsu/gf180mcu_cc_0.1/synopsys_custom/pwdp_jobs/saeSession0_default.SimulationSimulation_cdpl.1.2864813:10000
 -- New worker cdpl started... /home/wspitts2/gf180MCU_synopsys_shared/dk_ncsu/gf180mcu_cc_0.1/synopsys_custom/pwdp_jobs/saeSession0_default.SimulationSimulation_cdpl.1.2864813 10000
PWDP: new worker flow start...

New worker log dir:/home/wspitts2/gf180MCU_synopsys_shared/dk_ncsu/gf180mcu_cc_0.1/synopsys_custom/pwdp_jobs/saeSession0_default.SimulationSimulation_cdpl.1.2864813/logs/w1

[08-23-2025 08:32:00] New Worker Job Details:
isReRun=0
simulator=PrimeSim
workingDir=/home/wspitts2/gf180MCU_synopsys_shared/dk_ncsu/gf180mcu_cc_0.1
historyName=history_1
stateType=0
nominal=1
testbench=default
uniqueName=saeSession0
resultsDir=/home/wspitts2/gf180MCU_synopsys_shared/dk_ncsu/gf180mcu_cc_0.1/simulation/example,nmos,schematic/history_1/simulation/default/PrimeSimSPICE/nominal/results
historyIndex=1
runMode=new
preRun=0
session=saeSession0
masterResultsDir=/home/wspitts2/gf180MCU_synopsys_shared/dk_ncsu/gf180mcu_cc_0.1/simulation/example,nmos,schematic/history_1/simulation/default/PrimeSimSPICE/nominal/results
diskTestSuiteName,example,nmos,schematic

JobData-keys: 0,PrimeSim,history_1,1,/home/wspitts2/gf180MCU_synopsys_shared/dk_ncsu/gf180mcu_cc_0.1/simulation/example,nmos,schematic/history_1/simulation/default/PrimeSimSPICE/nominal/results,
No entry for terminal type "xterm-256color";
using dumb terminal settings.

 -- New worker cdpl initialized finished. [08-23-2025 08:32:00]

PWDP2: start2: [08-23-2025 08:32:05]
#####New Worker job begin - Self history dir=/home/wspitts2/gf180MCU_synopsys_shared/dk_ncsu/gf180mcu_cc_0.1/simulation/example,nmos,schematic
> 
 -- New worker ci side loading finished.

source /home/wspitts2/gf180MCU_synopsys_shared/dk_ncsu/gf180mcu_cc_0.1/synopsys_custom/pwdp_jobs/saeSession0_default.SimulationSimulation_cdpl.1.2864813/ccFile.tcl OK
> 
LibDefs : /home/wspitts2/gf180MCU_synopsys_shared/dk_ncsu/gf180mcu_cc_0.1/lib.defs
> 
 open lib.defs:/home/wspitts2/gf180MCU_synopsys_shared/dk_ncsu/gf180mcu_cc_0.1/lib.defs
new worker create session at loading state!
> 
history_1
> 
Loading: Callback files...
> 

[INFO] : Loading display.tcl from /home/wspitts2/gf180MCU_synopsys_shared/dk_ncsu/gf180mcu_cc_0.1/Models_HSPICE

 if you wish to Load other display.tcl, please set shell environment valiable "iPDK_load_display_gf180mcu" to value = 0
> 

> 
	#######################################
> 
	CC-PDK Library Name	: gf180MCU Open
> 
	#######################################
> 

> 
source /home/wspitts2/gf180MCU_synopsys_shared/dk_ncsu/gf180mcu_cc_0.1/simulation/example,nmos,schematic/history_1/.nw_preference_script.tcl OK!
> 
DSPF Options: {hierDelim==|}||{termDelim==:}||{fingerChar==@}||{multiplierString==_nettran_}||{aggregateCurrent==1}||{MOSTermNames==d g s b}||{MOSTermOrder==D G S B}||{MOSTermDspfNames==DRC GATE SRC BULK}||{firstChars==XM}||{probeHierDelim==/}||{caseSensitive==1}||{firstChar==M}||{hierPrefix==X}||{nodePrefix==M}||{plotTermVoltageForNet==0}||{mapNetToMosTerminal==}||{mapSlashDelimToDot==1}||{probePortCurrent==1}||{busBit==[]}||{removeNodePrefix==1}||{nlConDelim==.}||{mosModelType==auto}||{keepSchName==0}
> 
_workerLoadStateAction done!
> 
New worker app start done.
PWDP: **information** Worker instantiate primewave handle success!
PWDP: job [0] exit code :[5].
PWDP: task runs done or quit!
PWDP: PWDP: **info** task process exit ok:PrimeSim_2
_getSimulationDetails : 
> 
tbName=default, Mtb=0
> 
Got stb tb ok!
> 
Self resultsDir: ./simulation
> 
Self databaseDir: /home/wspitts2/gf180MCU_synopsys_shared/dk_ncsu/gf180mcu_cc_0.1/simulation/example,nmos,schematic/history_1/simulation/default/PrimeSimSPICE/nominal/results
> 
Nominal run.
> 
_createResultsMap done!
> 
New worker simulation done for nomial run.
> 
>>>resultsDir=/home/wspitts2/gf180MCU_synopsys_shared/dk_ncsu/gf180mcu_cc_0.1/simulation/example,nmos,schematic/history_1/simulation/default/PrimeSimSPICE/nominal/results,masterResultsDir=/home/wspitts2/gf180MCU_synopsys_shared/dk_ncsu/gf180mcu_cc_0.1/simulation/example,nmos,schematic/history_1/simulation/default/PrimeSimSPICE/nominal/results
> 
touch /home/wspitts2/gf180MCU_synopsys_shared/dk_ncsu/gf180mcu_cc_0.1/simulation/example,nmos,schematic/history_1/simulation/default/PrimeSimSPICE/nominal/results/.unitedSimFinished
> 
New worker simulation done for nomial run finished!
> 
_simulationDoneAction done without exception!
> worker W1 task time :6.
Shutdown time: Sat Aug 23 08:32:27 2025
> 
Elapsed session real time: 0.45 minutes
> 
Session terminated. Log is at /home/wspitts2/gf180MCU_synopsys_shared/dk_ncsu/gf180mcu_cc_0.1/synopsys_custom/pwdp_jobs/saeSession0_default.SimulationSimulation_cdpl.1.2864813/logs/w1/logs/pw_worker.wspitts2.2025_8_23_083200_2879182.log
> 
PWDP: new worker flow quit.

Information: Feature 'SynopsysCustomLayout' checked in. (LICENSE-004)
> 
Information: Feature 'CustomInfrastructure' checked in. (LICENSE-004)
> 